<?xml version="1.0" encoding="UTF-8"?>
<!-- Generated by org.testng.reporters.JUnitReportReporter -->
<testsuite skipped="0" hostname="LAPTOP-82AC51UL" name="hexinceshi.jisuanzx.BigData_6_CreateKylin" tests="1" failures="0" timestamp="02 三月 2022 02:02:47 GMT" time="63.287" errors="0">
  <testcase name="create_Kylin" time="63.287" classname="hexinceshi.jisuanzx.BigData_6_CreateKylin"/>
</testsuite> <!-- hexinceshi.jisuanzx.BigData_6_CreateKylin -->
