<?xml version="1.0" encoding="UTF-8"?>
<!-- Generated by org.testng.reporters.JUnitReportReporter -->
<testsuite skipped="0" hostname="LAPTOP-82AC51UL" name="teacheraction.zymanage.zymanager3_sccy" tests="1" failures="0" timestamp="16 二月 2022 08:36:24 GMT" time="36.277" errors="0">
  <testcase name="ketizuManager" time="36.277" classname="teacheraction.zymanage.zymanager3_sccy"/>
</testsuite> <!-- teacheraction.zymanage.zymanager3_sccy -->
