<?xml version="1.0" encoding="UTF-8"?>
<!-- Generated by org.testng.reporters.JUnitReportReporter -->
<testsuite skipped="0" hostname="LAPTOP-82AC51UL" name="hexinceshi.jisuanzx.BigData_4_CreateHbase" tests="1" failures="0" timestamp="01 三月 2022 08:24:22 GMT" time="61.071" errors="0">
  <testcase name="createhbase" time="61.071" classname="hexinceshi.jisuanzx.BigData_4_CreateHbase"/>
</testsuite> <!-- hexinceshi.jisuanzx.BigData_4_CreateHbase -->
