<?xml version="1.0" encoding="UTF-8"?>
<!-- Generated by org.testng.reporters.JUnitReportReporter -->
<testsuite skipped="0" hostname="LAPTOP-82AC51UL" name="teacheraction.zymanager8_zycz" tests="1" failures="0" timestamp="18 一月 2022 06:07:41 GMT" time="27.497" errors="0">
  <testcase name="ketizuManager" time="27.497" classname="teacheraction.zymanager8_zycz"/>
</testsuite> <!-- teacheraction.zymanager8_zycz -->
