<?xml version="1.0" encoding="UTF-8"?>
<!-- Generated by org.testng.reporters.JUnitReportReporter -->
<testsuite skipped="0" hostname="LAPTOP-82AC51UL" name="stuaction.calcenter.calCenter_GL_yclj" tests="1" failures="0" timestamp="11 二月 2022 05:08:57 GMT" time="91.332" errors="0">
  <testcase name="gl_yclj" time="91.332" classname="stuaction.calcenter.calCenter_GL_yclj"/>
</testsuite> <!-- stuaction.calcenter.calCenter_GL_yclj -->
