<?xml version="1.0" encoding="UTF-8"?>
<!-- Generated by org.testng.reporters.JUnitReportReporter -->
<testsuite skipped="0" hostname="LAPTOP-82AC51UL" name="stuaction.teachcenter.teachCenter4_mulu" tests="1" failures="0" timestamp="14 二月 2022 08:34:16 GMT" time="57.350" errors="0">
  <testcase name="Test1234" time="57.350" classname="stuaction.teachcenter.teachCenter4_mulu"/>
</testsuite> <!-- stuaction.teachcenter.teachCenter4_mulu -->
