<?xml version="1.0" encoding="UTF-8"?>
<!-- Generated by org.testng.reporters.JUnitReportReporter -->
<testsuite skipped="0" hostname="LAPTOP-82AC51UL" name="teacheraction.zymanager7_zycz" tests="1" failures="0" timestamp="18 一月 2022 06:01:41 GMT" time="27.325" errors="0">
  <testcase name="ketizuManager" time="27.325" classname="teacheraction.zymanager7_zycz"/>
</testsuite> <!-- teacheraction.zymanager7_zycz -->
