<?xml version="1.0" encoding="UTF-8"?>
<!-- Generated by org.testng.reporters.JUnitReportReporter -->
<testsuite skipped="0" hostname="LAPTOP-82AC51UL" name="teacheraction.zymanage.zymanager4_zycz" tests="1" failures="0" timestamp="16 二月 2022 08:36:24 GMT" time="32.323" errors="0">
  <testcase name="ketizuManager" time="32.323" classname="teacheraction.zymanage.zymanager4_zycz"/>
</testsuite> <!-- teacheraction.zymanage.zymanager4_zycz -->
