<?xml version="1.0" encoding="UTF-8"?>
<!-- Generated by org.testng.reporters.JUnitReportReporter -->
<testsuite skipped="0" hostname="LAPTOP-82AC51UL" name="stuaction.selfCenter_cloud_mxbs" tests="1" failures="0" timestamp="17 一月 2022 01:02:52 GMT" time="103.964" errors="0">
  <testcase name="cloud_mxbs" time="103.964" classname="stuaction.selfCenter_cloud_mxbs"/>
</testsuite> <!-- stuaction.selfCenter_cloud_mxbs -->
