<?xml version="1.0" encoding="UTF-8"?>
<!-- Generated by org.testng.reporters.JUnitReportReporter -->
<testsuite skipped="0" hostname="LAPTOP-82AC51UL" name="stuaction.selfcenter.selCenter_word_ziyuan" tests="1" failures="0" timestamp="17 一月 2022 06:55:31 GMT" time="191.522" errors="0">
  <testcase name="myResource" time="191.522" classname="stuaction.selfcenter.selCenter_word_ziyuan"/>
</testsuite> <!-- stuaction.selfcenter.selCenter_word_ziyuan -->
