<?xml version="1.0" encoding="UTF-8"?>
<!-- Generated by org.testng.reporters.JUnitReportReporter -->
<testsuite skipped="0" hostname="LAPTOP-82AC51UL" name="hexinceshi.jiaoxuezx.teachCenter4_jhkf" tests="1" failures="0" timestamp="03 三月 2022 06:21:18 GMT" time="113.341" errors="0">
  <testcase name="Test1234" time="113.341" classname="hexinceshi.jiaoxuezx.teachCenter4_jhkf"/>
</testsuite> <!-- hexinceshi.jiaoxuezx.teachCenter4_jhkf -->
