<?xml version="1.0" encoding="UTF-8"?>
<!-- Generated by org.testng.reporters.JUnitReportReporter -->
<testsuite skipped="0" hostname="LAPTOP-82AC51UL" name="teacheraction.teachcenter.teachCenter1_jhkf" tests="1" failures="0" timestamp="16 二月 2022 01:45:31 GMT" time="117.001" errors="0">
  <testcase name="Test1234" time="117.001" classname="teacheraction.teachcenter.teachCenter1_jhkf"/>
</testsuite> <!-- teacheraction.teachcenter.teachCenter1_jhkf -->
