<?xml version="1.0" encoding="UTF-8"?>
<!-- Generated by org.testng.reporters.JUnitReportReporter -->
<testsuite skipped="0" hostname="LAPTOP-82AC51UL" name="stuaction.calCenter_kshbc" tests="1" failures="0" timestamp="13 一月 2022 02:40:54 GMT" time="98.301" errors="0">
  <testcase name="mxbs" time="98.301" classname="stuaction.calCenter_kshbc"/>
</testsuite> <!-- stuaction.calCenter_kshbc -->
