<?xml version="1.0" encoding="UTF-8"?>
<!-- Generated by org.testng.reporters.JUnitReportReporter -->
<testsuite skipped="0" hostname="LAPTOP-82AC51UL" name="hexinceshi.jisuanzx.calCenter_jhskf_TensorFlow" tests="1" failures="0" timestamp="28 二月 2022 02:32:49 GMT" time="65.861" errors="0">
  <testcase name="jhskf" time="65.861" classname="hexinceshi.jisuanzx.calCenter_jhskf_TensorFlow"/>
</testsuite> <!-- hexinceshi.jisuanzx.calCenter_jhskf_TensorFlow -->
