<?xml version="1.0" encoding="UTF-8"?>
<!-- Generated by org.testng.reporters.JUnitReportReporter -->
<testsuite skipped="0" hostname="LAPTOP-82AC51UL" name="stuaction.calCenter_zidingyi" tests="1" failures="0" timestamp="12 一月 2022 07:33:08 GMT" time="79.214" errors="0">
  <testcase name="mxbs" time="79.214" classname="stuaction.calCenter_zidingyi"/>
</testsuite> <!-- stuaction.calCenter_zidingyi -->
