<?xml version="1.0" encoding="UTF-8"?>
<!-- Generated by org.testng.reporters.JUnitReportReporter -->
<testsuite skipped="0" hostname="LAPTOP-82AC51UL" name="hexinceshi.jisuanzx.calCenter_kshbc_自动化机器学习" tests="1" failures="0" timestamp="28 二月 2022 03:01:00 GMT" time="85.900" errors="0">
  <testcase name="kshbc" time="85.900" classname="hexinceshi.jisuanzx.calCenter_kshbc_自动化机器学习"/>
</testsuite> <!-- hexinceshi.jisuanzx.calCenter_kshbc_自动化机器学习 -->
