<?xml version="1.0" encoding="UTF-8"?>
<!-- Generated by org.testng.reporters.JUnitReportReporter -->
<testsuite skipped="0" hostname="LAPTOP-82AC51UL" name="hexinceshi.jiaoxuezx.teachCenter5_yclj" tests="1" failures="0" timestamp="03 三月 2022 06:31:22 GMT" time="119.898" errors="0">
  <testcase name="Test1234" time="119.898" classname="hexinceshi.jiaoxuezx.teachCenter5_yclj"/>
</testsuite> <!-- hexinceshi.jiaoxuezx.teachCenter5_yclj -->
