<?xml version="1.0" encoding="UTF-8"?>
<!-- Generated by org.testng.reporters.JUnitReportReporter -->
<testsuite skipped="0" hostname="LAPTOP-82AC51UL" name="hexinceshi.jisuanzx.calCenter_yclj_综合" tests="1" failures="0" timestamp="28 二月 2022 01:51:22 GMT" time="68.991" errors="0">
  <testcase name="yclj" time="68.991" classname="hexinceshi.jisuanzx.calCenter_yclj_综合"/>
</testsuite> <!-- hexinceshi.jisuanzx.calCenter_yclj_综合 -->
