<?xml version="1.0" encoding="UTF-8"?>
<!-- Generated by org.testng.reporters.JUnitReportReporter -->
<testsuite skipped="0" hostname="LAPTOP-82AC51UL" name="teacheraction.zymanager6_zycz" tests="1" failures="0" timestamp="18 一月 2022 05:56:21 GMT" time="27.265" errors="0">
  <testcase name="ketizuManager" time="27.265" classname="teacheraction.zymanager6_zycz"/>
</testsuite> <!-- teacheraction.zymanager6_zycz -->
