<?xml version="1.0" encoding="UTF-8"?>
<!-- Generated by org.testng.reporters.JUnitReportReporter -->
<testsuite skipped="0" hostname="LAPTOP-82AC51UL" name="teacheraction.zymanager1_ketizu" tests="1" failures="0" timestamp="17 一月 2022 08:10:54 GMT" time="80.259" errors="0">
  <testcase name="ketizuManager" time="80.259" classname="teacheraction.zymanager1_ketizu"/>
</testsuite> <!-- teacheraction.zymanager1_ketizu -->
