<?xml version="1.0" encoding="UTF-8"?>
<!-- Generated by org.testng.reporters.JUnitReportReporter -->
<testsuite skipped="0" hostname="LAPTOP-82AC51UL" name="hexinceshi.jisuanzx.BigData_5_CreateHive" tests="1" failures="0" timestamp="02 三月 2022 01:16:14 GMT" time="58.849" errors="0">
  <testcase name="createHive" time="58.849" classname="hexinceshi.jisuanzx.BigData_5_CreateHive"/>
</testsuite> <!-- hexinceshi.jisuanzx.BigData_5_CreateHive -->
