<?xml version="1.0" encoding="UTF-8"?>
<!-- Generated by org.testng.reporters.JUnitReportReporter -->
<testsuite skipped="0" hostname="LAPTOP-82AC51UL" name="teacheraction.teachcenter.teachCenter5_taskreport" tests="1" failures="0" timestamp="21 一月 2022 05:38:02 GMT" time="41.279" errors="0">
  <testcase name="Test1234" time="41.279" classname="teacheraction.teachcenter.teachCenter5_taskreport"/>
</testsuite> <!-- teacheraction.teachcenter.teachCenter5_taskreport -->
