<?xml version="1.0" encoding="UTF-8"?>
<!-- Generated by org.testng.reporters.JUnitReportReporter -->
<testsuite skipped="0" hostname="LAPTOP-82AC51UL" name="stuaction.calCenter_GL_yclj" tests="1" failures="0" timestamp="12 一月 2022 03:45:29 GMT" time="101.314" errors="0">
  <testcase name="gl_yclj" time="101.314" classname="stuaction.calCenter_GL_yclj"/>
</testsuite> <!-- stuaction.calCenter_GL_yclj -->
