<?xml version="1.0" encoding="UTF-8"?>
<!-- Generated by org.testng.reporters.JUnitReportReporter -->
<testsuite skipped="0" hostname="LAPTOP-82AC51UL" name="teacheraction.systemmanage.jxmanage4" tests="1" failures="0" timestamp="22 二月 2022 01:26:22 GMT" time="78.273" errors="0">
  <testcase name="kechcrede" time="78.273" classname="teacheraction.systemmanage.jxmanage4"/>
</testsuite> <!-- teacheraction.systemmanage.jxmanage4 -->
