<?xml version="1.0" encoding="UTF-8"?>
<!-- Generated by org.testng.reporters.JUnitReportReporter -->
<testsuite skipped="0" hostname="LAPTOP-82AC51UL" name="stuaction.Test1234_3" tests="1" failures="0" timestamp="14 一月 2022 01:53:03 GMT" time="55.127" errors="0">
  <testcase name="Test1234" time="55.127" classname="stuaction.Test1234_3"/>
</testsuite> <!-- stuaction.Test1234_3 -->
