<?xml version="1.0" encoding="UTF-8"?>
<!-- Generated by org.testng.reporters.JUnitReportReporter -->
<testsuite skipped="0" hostname="LAPTOP-82AC51UL" name="stuaction.calcenter.calCenter_GL_mxbs" tests="1" failures="0" timestamp="11 二月 2022 05:08:57 GMT" time="83.732" errors="0">
  <testcase name="gl_mxbs" time="83.732" classname="stuaction.calcenter.calCenter_GL_mxbs"/>
</testsuite> <!-- stuaction.calcenter.calCenter_GL_mxbs -->
