<?xml version="1.0" encoding="UTF-8"?>
<!-- Generated by org.testng.reporters.JUnitReportReporter -->
<testsuite skipped="0" hostname="LAPTOP-82AC51UL" name="stuaction.calcenter.calCenter_zidingyi" tests="1" failures="0" timestamp="11 二月 2022 01:31:26 GMT" time="81.082" errors="0">
  <testcase name="zidingyi" time="81.082" classname="stuaction.calcenter.calCenter_zidingyi"/>
</testsuite> <!-- stuaction.calcenter.calCenter_zidingyi -->
