<?xml version="1.0" encoding="UTF-8"?>
<!-- Generated by org.testng.reporters.JUnitReportReporter -->
<testsuite skipped="0" hostname="LAPTOP-82AC51UL" name="hexinceshi.jisuanzx.BigData_7_CreateSpark" tests="1" failures="0" timestamp="02 三月 2022 02:17:42 GMT" time="61.257" errors="0">
  <testcase name="untitled" time="61.257" classname="hexinceshi.jisuanzx.BigData_7_CreateSpark"/>
</testsuite> <!-- hexinceshi.jisuanzx.BigData_7_CreateSpark -->
