<?xml version="1.0" encoding="UTF-8"?>
<!-- Generated by org.testng.reporters.JUnitReportReporter -->
<testsuite skipped="0" hostname="LAPTOP-82AC51UL" name="teacheraction.zymanage.zymanager9_zycz" tests="1" failures="0" timestamp="16 二月 2022 08:36:24 GMT" time="35.878" errors="0">
  <testcase name="ketizuManager" time="35.878" classname="teacheraction.zymanage.zymanager9_zycz"/>
</testsuite> <!-- teacheraction.zymanage.zymanager9_zycz -->
