<?xml version="1.0" encoding="UTF-8"?>
<!-- Generated by org.testng.reporters.JUnitReportReporter -->
<testsuite skipped="0" hostname="LAPTOP-82AC51UL" name="hexinceshi.jisuanzx.BigData_9_CreateKafka" tests="1" failures="0" timestamp="02 三月 2022 06:10:00 GMT" time="72.080" errors="0">
  <testcase name="create_kafka" time="72.080" classname="hexinceshi.jisuanzx.BigData_9_CreateKafka"/>
</testsuite> <!-- hexinceshi.jisuanzx.BigData_9_CreateKafka -->
