<?xml version="1.0" encoding="UTF-8"?>
<!-- Generated by org.testng.reporters.JUnitReportReporter -->
<testsuite skipped="0" hostname="LAPTOP-82AC51UL" name="hexinceshi.jiaoxuezx.teachCenter1_jhkf" tests="1" failures="0" timestamp="03 三月 2022 02:40:53 GMT" time="25.009" errors="0">
  <testcase name="Test1234" time="25.009" classname="hexinceshi.jiaoxuezx.teachCenter1_jhkf"/>
</testsuite> <!-- hexinceshi.jiaoxuezx.teachCenter1_jhkf -->
