<?xml version="1.0" encoding="UTF-8"?>
<!-- Generated by org.testng.reporters.JUnitReportReporter -->
<testsuite skipped="0" hostname="LAPTOP-82AC51UL" name="stuaction.calCenter_GL_kshbc" tests="1" failures="0" timestamp="13 一月 2022 02:26:07 GMT" time="100.705" errors="0">
  <testcase name="gl_kshbc" time="100.705" classname="stuaction.calCenter_GL_kshbc"/>
</testsuite> <!-- stuaction.calCenter_GL_kshbc -->
