<?xml version="1.0" encoding="UTF-8"?>
<!-- Generated by org.testng.reporters.JUnitReportReporter -->
<testsuite skipped="0" hostname="LAPTOP-82AC51UL" name="hexinceshi.jisuanzx.BigData_2_CreateZk" tests="1" failures="0" timestamp="10 三月 2022 07:30:06 GMT" time="57.385" errors="0">
  <testcase name="createzk" time="57.385" classname="hexinceshi.jisuanzx.BigData_2_CreateZk"/>
</testsuite> <!-- hexinceshi.jisuanzx.BigData_2_CreateZk -->
