<?xml version="1.0" encoding="UTF-8"?>
<!-- Generated by org.testng.reporters.JUnitReportReporter -->
<testsuite skipped="0" hostname="LAPTOP-82AC51UL" name="hexinceshi.ziyuangl.FenquOperation" tests="1" failures="0" timestamp="11 三月 2022 05:38:23 GMT" time="88.439" errors="0">
  <testcase name="fenquOpera" time="88.439" classname="hexinceshi.ziyuangl.FenquOperation"/>
</testsuite> <!-- hexinceshi.ziyuangl.FenquOperation -->
