<?xml version="1.0" encoding="UTF-8"?>
<!-- Generated by org.testng.reporters.JUnitReportReporter -->
<testsuite skipped="0" hostname="LAPTOP-82AC51UL" name="stuaction.selfCenter_cloud_yclj" tests="1" failures="0" timestamp="17 一月 2022 02:10:33 GMT" time="74.416" errors="0">
  <testcase name="cloud_yclj" time="74.416" classname="stuaction.selfCenter_cloud_yclj"/>
</testsuite> <!-- stuaction.selfCenter_cloud_yclj -->
