<?xml version="1.0" encoding="UTF-8"?>
<!-- Generated by org.testng.reporters.JUnitReportReporter -->
<testsuite skipped="0" hostname="LAPTOP-82AC51UL" name="hexinceshi.jisuanzx.calCenter_yclj_novnc" tests="1" failures="0" timestamp="28 二月 2022 01:54:07 GMT" time="69.307" errors="0">
  <testcase name="yclj" time="69.307" classname="hexinceshi.jisuanzx.calCenter_yclj_novnc"/>
</testsuite> <!-- hexinceshi.jisuanzx.calCenter_yclj_novnc -->
