<?xml version="1.0" encoding="UTF-8"?>
<!-- Generated by org.testng.reporters.JUnitReportReporter -->
<testsuite skipped="0" hostname="LAPTOP-82AC51UL" name="stuaction.source01" tests="1" failures="0" timestamp="14 一月 2022 08:07:59 GMT" time="84.911" errors="0">
  <testcase name="fork" time="84.911" classname="stuaction.source01"/>
</testsuite> <!-- stuaction.source01 -->
