<?xml version="1.0" encoding="UTF-8"?>
<!-- Generated by org.testng.reporters.JUnitReportReporter -->
<testsuite skipped="0" hostname="LAPTOP-82AC51UL" name="stuaction.selCenter_myziyuan1_fq" tests="1" failures="0" timestamp="17 一月 2022 05:41:33 GMT" time="28.559" errors="0">
  <testcase name="myResource" time="28.559" classname="stuaction.selCenter_myziyuan1_fq"/>
</testsuite> <!-- stuaction.selCenter_myziyuan1_fq -->
