<?xml version="1.0" encoding="UTF-8"?>
<!-- Generated by org.testng.reporters.JUnitReportReporter -->
<testsuite skipped="0" hostname="LAPTOP-82AC51UL" name="hexinceshi.jisuanzx.calCenter_yclj_ssh" tests="1" failures="0" timestamp="28 二月 2022 01:58:14 GMT" time="69.108" errors="0">
  <testcase name="yclj" time="69.108" classname="hexinceshi.jisuanzx.calCenter_yclj_ssh"/>
</testsuite> <!-- hexinceshi.jisuanzx.calCenter_yclj_ssh -->
