<?xml version="1.0" encoding="UTF-8"?>
<!-- Generated by org.testng.reporters.JUnitReportReporter -->
<testsuite skipped="0" hostname="LAPTOP-82AC51UL" name="stuaction.calCenter_xlksh" tests="1" failures="0" timestamp="11 一月 2022 05:49:59 GMT" time="79.800" errors="0">
  <testcase name="xlksh" time="79.800" classname="stuaction.calCenter_xlksh"/>
</testsuite> <!-- stuaction.calCenter_xlksh -->
