<?xml version="1.0" encoding="UTF-8"?>
<!-- Generated by org.testng.reporters.JUnitReportReporter -->
<testsuite skipped="0" hostname="LAPTOP-82AC51UL" name="hexinceshi.jisuanzx.calCenter_jhskf_PyTorch" tests="1" failures="0" timestamp="28 二月 2022 02:25:02 GMT" time="66.020" errors="0">
  <testcase name="jhskf" time="66.020" classname="hexinceshi.jisuanzx.calCenter_jhskf_PyTorch"/>
</testsuite> <!-- hexinceshi.jisuanzx.calCenter_jhskf_PyTorch -->
