<?xml version="1.0" encoding="UTF-8"?>
<!-- Generated by org.testng.reporters.JUnitReportReporter -->
<testsuite skipped="0" hostname="LAPTOP-82AC51UL" name="hexinceshi.ziyuangl.StoreMana1_GongNengBiao" tests="1" failures="0" timestamp="11 三月 2022 05:44:28 GMT" time="73.222" errors="0">
  <testcase name="duoGongNengBiao" time="73.222" classname="hexinceshi.ziyuangl.StoreMana1_GongNengBiao"/>
</testsuite> <!-- hexinceshi.ziyuangl.StoreMana1_GongNengBiao -->
