<?xml version="1.0" encoding="UTF-8"?>
<!-- Generated by org.testng.reporters.JUnitReportReporter -->
<testsuite skipped="0" hostname="LAPTOP-82AC51UL" name="stuaction.selfCenter_cloud_kshbc" tests="1" failures="0" timestamp="17 一月 2022 00:50:57 GMT" time="103.648" errors="0">
  <testcase name="cloud_kshbc" time="103.648" classname="stuaction.selfCenter_cloud_kshbc"/>
</testsuite> <!-- stuaction.selfCenter_cloud_kshbc -->
