<?xml version="1.0" encoding="UTF-8"?>
<!-- Generated by org.testng.reporters.JUnitReportReporter -->
<testsuite skipped="0" hostname="LAPTOP-82AC51UL" name="hexinceshi.jiaoxuezx.teachCenter2_teach_course_manage" tests="1" failures="0" timestamp="03 三月 2022 05:29:45 GMT" time="29.024" errors="0">
  <testcase name="Test1234" time="29.024" classname="hexinceshi.jiaoxuezx.teachCenter2_teach_course_manage"/>
</testsuite> <!-- hexinceshi.jiaoxuezx.teachCenter2_teach_course_manage -->
