<?xml version="1.0" encoding="UTF-8"?>
<!-- Generated by org.testng.reporters.JUnitReportReporter -->
<testsuite skipped="0" hostname="LAPTOP-82AC51UL" name="teacheraction.zymanager3_sccy" tests="1" failures="0" timestamp="17 一月 2022 08:47:43 GMT" time="36.445" errors="0">
  <testcase name="ketizuManager" time="36.445" classname="teacheraction.zymanager3_sccy"/>
</testsuite> <!-- teacheraction.zymanager3_sccy -->
