<?xml version="1.0" encoding="UTF-8"?>
<!-- Generated by org.testng.reporters.JUnitReportReporter -->
<testsuite skipped="0" hostname="LAPTOP-82AC51UL" name="teacheraction.systemmanage.jxmanage4_kecheng" tests="1" failures="0" timestamp="22 二月 2022 01:02:47 GMT" time="74.246" errors="0">
  <testcase name="kechcrede" time="74.246" classname="teacheraction.systemmanage.jxmanage4_kecheng"/>
</testsuite> <!-- teacheraction.systemmanage.jxmanage4_kecheng -->
