<?xml version="1.0" encoding="UTF-8"?>
<!-- Generated by org.testng.reporters.JUnitReportReporter -->
<testsuite skipped="0" hostname="LAPTOP-82AC51UL" name="hexinceshi.jisuanzx.calCenter_kshbc_深度学习" tests="1" failures="0" timestamp="28 二月 2022 02:43:01 GMT" time="80.145" errors="0">
  <testcase name="kshbc" time="80.145" classname="hexinceshi.jisuanzx.calCenter_kshbc_深度学习"/>
</testsuite> <!-- hexinceshi.jisuanzx.calCenter_kshbc_深度学习 -->
