<?xml version="1.0" encoding="UTF-8"?>
<!-- Generated by org.testng.reporters.JUnitReportReporter -->
<testsuite skipped="0" hostname="LAPTOP-82AC51UL" name="teacheraction.systemmanage.jxmanage2_kecheng" tests="1" failures="0" timestamp="15 二月 2022 06:26:38 GMT" time="80.191" errors="0">
  <testcase name="kechcrede" time="80.191" classname="teacheraction.systemmanage.jxmanage2_kecheng"/>
</testsuite> <!-- teacheraction.systemmanage.jxmanage2_kecheng -->
