<?xml version="1.0" encoding="UTF-8"?>
<!-- Generated by org.testng.reporters.JUnitReportReporter -->
<testsuite skipped="0" hostname="LAPTOP-82AC51UL" name="teacheraction.systemmanage.jxmanage1_kecheng" tests="1" failures="0" timestamp="19 一月 2022 08:10:15 GMT" time="38.686" errors="0">
  <testcase name="kechcrede" time="38.686" classname="teacheraction.systemmanage.jxmanage1_kecheng"/>
</testsuite> <!-- teacheraction.systemmanage.jxmanage1_kecheng -->
