<?xml version="1.0" encoding="UTF-8"?>
<!-- Generated by org.testng.reporters.JUnitReportReporter -->
<testsuite skipped="0" hostname="LAPTOP-82AC51UL" name="teacheraction.systemmanage.jxmanage2_kecheng" tests="1" failures="0" timestamp="19 一月 2022 01:13:28 GMT" time="78.461" errors="0">
  <testcase name="kechcrede" time="78.461" classname="teacheraction.systemmanage.jxmanage2_kecheng"/>
</testsuite> <!-- teacheraction.systemmanage.jxmanage2_kecheng -->
