<?xml version="1.0" encoding="UTF-8"?>
<!-- Generated by org.testng.reporters.JUnitReportReporter -->
<testsuite skipped="0" hostname="LAPTOP-82AC51UL" name="hexinceshi.jisuanzx.calCenter_zidingyi" tests="1" failures="0" timestamp="28 二月 2022 03:05:46 GMT" time="78.940" errors="0">
  <testcase name="zidingyi" time="78.940" classname="hexinceshi.jisuanzx.calCenter_zidingyi"/>
</testsuite> <!-- hexinceshi.jisuanzx.calCenter_zidingyi -->
