<?xml version="1.0" encoding="UTF-8"?>
<!-- Generated by org.testng.reporters.JUnitReportReporter -->
<testsuite skipped="0" hostname="LAPTOP-82AC51UL" name="teacheraction.teachcenter.teachCenter2_yclj" tests="1" failures="0" timestamp="16 二月 2022 01:53:31 GMT" time="119.696" errors="0">
  <testcase name="Test1234" time="119.696" classname="teacheraction.teachcenter.teachCenter2_yclj"/>
</testsuite> <!-- teacheraction.teachcenter.teachCenter2_yclj -->
