<?xml version="1.0" encoding="UTF-8"?>
<!-- Generated by org.testng.reporters.JUnitReportReporter -->
<testsuite skipped="0" hostname="LAPTOP-82AC51UL" name="stuaction.calCenter_GL_mxbs" tests="1" failures="0" timestamp="12 一月 2022 01:22:18 GMT" time="94.836" errors="0">
  <testcase name="gl_mxbs" time="94.836" classname="stuaction.calCenter_GL_mxbs"/>
</testsuite> <!-- stuaction.calCenter_GL_mxbs -->
