<?xml version="1.0" encoding="UTF-8"?>
<!-- Generated by org.testng.reporters.JUnitReportReporter -->
<testsuite skipped="0" hostname="LAPTOP-82AC51UL" name="hexinceshi.jiaoxuezx.teachCenter3_root_course_manage" tests="1" failures="0" timestamp="03 三月 2022 09:05:43 GMT" time="26.753" errors="0">
  <testcase name="Test1234" time="26.753" classname="hexinceshi.jiaoxuezx.teachCenter3_root_course_manage"/>
</testsuite> <!-- hexinceshi.jiaoxuezx.teachCenter3_root_course_manage -->
