<?xml version="1.0" encoding="UTF-8"?>
<!-- Generated by org.testng.reporters.JUnitReportReporter -->
<testsuite skipped="0" hostname="LAPTOP-82AC51UL" name="stuaction.Test1234" tests="1" failures="0" timestamp="13 一月 2022 07:25:41 GMT" time="110.356" errors="0">
  <testcase name="Test1234" time="110.356" classname="stuaction.Test1234"/>
</testsuite> <!-- stuaction.Test1234 -->
