<?xml version="1.0" encoding="UTF-8"?>
<!-- Generated by org.testng.reporters.JUnitReportReporter -->
<testsuite skipped="0" hostname="LAPTOP-82AC51UL" name="hexinceshi.jisuanzx.calCenter_xlksh" tests="1" failures="0" timestamp="28 二月 2022 02:12:00 GMT" time="77.480" errors="0">
  <testcase name="xlksh" time="77.480" classname="hexinceshi.jisuanzx.calCenter_xlksh"/>
</testsuite> <!-- hexinceshi.jisuanzx.calCenter_xlksh -->
