<?xml version="1.0" encoding="UTF-8"?>
<!-- Generated by org.testng.reporters.JUnitReportReporter -->
<testsuite skipped="0" hostname="LAPTOP-82AC51UL" name="stuaction.calcenter.calCenter_xlksh" tests="1" failures="0" timestamp="11 二月 2022 01:31:26 GMT" time="74.965" errors="0">
  <testcase name="xlksh" time="74.965" classname="stuaction.calcenter.calCenter_xlksh"/>
</testsuite> <!-- stuaction.calcenter.calCenter_xlksh -->
