<?xml version="1.0" encoding="UTF-8"?>
<!-- Generated by org.testng.reporters.JUnitReportReporter -->
<testsuite skipped="0" hostname="LAPTOP-82AC51UL" name="teacheraction.systemmanage.jxmanage3_jiaoxuelx" tests="1" failures="0" timestamp="19 一月 2022 07:08:03 GMT" time="50.132" errors="0">
  <testcase name="kechcrede" time="50.132" classname="teacheraction.systemmanage.jxmanage3_jiaoxuelx"/>
</testsuite> <!-- teacheraction.systemmanage.jxmanage3_jiaoxuelx -->
