<?xml version="1.0" encoding="UTF-8"?>
<!-- Generated by org.testng.reporters.JUnitReportReporter -->
<testsuite skipped="0" hostname="LAPTOP-82AC51UL" name="hexinceshi.gerenzx.selfCenter_yuncc1" tests="1" failures="0" timestamp="11 三月 2022 05:41:03 GMT" time="114.962" errors="0">
  <testcase name="ycc123" time="114.962" classname="hexinceshi.gerenzx.selfCenter_yuncc1"/>
</testsuite> <!-- hexinceshi.gerenzx.selfCenter_yuncc1 -->
