<?xml version="1.0" encoding="UTF-8"?>
<!-- Generated by org.testng.reporters.JUnitReportReporter -->
<testsuite skipped="0" hostname="LAPTOP-82AC51UL" name="stuaction.calcenter.calCenter_jhskf" tests="1" failures="0" timestamp="22 二月 2022 02:04:06 GMT" time="60.656" errors="0">
  <testcase name="jhskf" time="60.656" classname="stuaction.calcenter.calCenter_jhskf"/>
</testsuite> <!-- stuaction.calcenter.calCenter_jhskf -->
