<?xml version="1.0" encoding="UTF-8"?>
<!-- Generated by org.testng.reporters.JUnitReportReporter -->
<testsuite skipped="0" hostname="LAPTOP-82AC51UL" name="stuaction.selfCenter_cloud_xlksh" tests="1" failures="0" timestamp="17 一月 2022 01:49:47 GMT" time="88.267" errors="0">
  <testcase name="cloud_xlksh" time="88.267" classname="stuaction.selfCenter_cloud_xlksh"/>
</testsuite> <!-- stuaction.selfCenter_cloud_xlksh -->
