<?xml version="1.0" encoding="UTF-8"?>
<!-- Generated by org.testng.reporters.JUnitReportReporter -->
<testsuite skipped="0" hostname="LAPTOP-82AC51UL" name="stuaction.calCenter_mxbs" tests="1" failures="0" timestamp="11 一月 2022 05:13:29 GMT" time="79.439" errors="0">
  <testcase name="mxbs" time="79.439" classname="stuaction.calCenter_mxbs"/>
</testsuite> <!-- stuaction.calCenter_mxbs -->
