<?xml version="1.0" encoding="UTF-8"?>
<!-- Generated by org.testng.reporters.JUnitReportReporter -->
<testsuite skipped="0" hostname="LAPTOP-82AC51UL" name="teacheraction.teachcenter.teachCenter6_wordxx" tests="1" failures="0" timestamp="21 一月 2022 06:41:50 GMT" time="68.231" errors="0">
  <testcase name="jx_wordxx" time="68.231" classname="teacheraction.teachcenter.teachCenter6_wordxx"/>
</testsuite> <!-- teacheraction.teachcenter.teachCenter6_wordxx -->
