<?xml version="1.0" encoding="UTF-8"?>
<!-- Generated by org.testng.reporters.JUnitReportReporter -->
<testsuite skipped="0" hostname="LAPTOP-82AC51UL" name="hexinceshi.jisuanzx.calCenter_yclj_vnc" tests="1" failures="0" timestamp="28 二月 2022 02:00:04 GMT" time="69.254" errors="0">
  <testcase name="yclj" time="69.254" classname="hexinceshi.jisuanzx.calCenter_yclj_vnc"/>
</testsuite> <!-- hexinceshi.jisuanzx.calCenter_yclj_vnc -->
