<?xml version="1.0" encoding="UTF-8"?>
<!-- Generated by org.testng.reporters.JUnitReportReporter -->
<testsuite skipped="0" hostname="LAPTOP-82AC51UL" name="teacheraction.zymanager5_zycz" tests="1" failures="0" timestamp="18 一月 2022 05:49:02 GMT" time="27.219" errors="0">
  <testcase name="ketizuManager" time="27.219" classname="teacheraction.zymanager5_zycz"/>
</testsuite> <!-- teacheraction.zymanager5_zycz -->
