<?xml version="1.0" encoding="UTF-8"?>
<!-- Generated by org.testng.reporters.JUnitReportReporter -->
<testsuite skipped="0" hostname="LAPTOP-82AC51UL" name="stuaction.sourceCenter2_sjj" tests="1" failures="0" timestamp="15 一月 2022 00:57:57 GMT" time="34.219" errors="0">
  <testcase name="untitled" time="34.219" classname="stuaction.sourceCenter2_sjj"/>
</testsuite> <!-- stuaction.sourceCenter2_sjj -->
