<?xml version="1.0" encoding="UTF-8"?>
<!-- Generated by org.testng.reporters.JUnitReportReporter -->
<testsuite skipped="0" hostname="LAPTOP-82AC51UL" name="stuaction.calCenter_yclj" tests="1" failures="0" timestamp="11 一月 2022 06:31:05 GMT" time="81.184" errors="0">
  <testcase name="yclj" time="81.184" classname="stuaction.calCenter_yclj"/>
</testsuite> <!-- stuaction.calCenter_yclj -->
