<?xml version="1.0" encoding="UTF-8"?>
<!-- Generated by org.testng.reporters.JUnitReportReporter -->
<testsuite skipped="0" hostname="LAPTOP-82AC51UL" name="hexinceshi.jisuanzx.BigData_8_CreateFlink" tests="1" failures="0" timestamp="02 三月 2022 02:56:20 GMT" time="61.420" errors="0">
  <testcase name="untitled" time="61.420" classname="hexinceshi.jisuanzx.BigData_8_CreateFlink"/>
</testsuite> <!-- hexinceshi.jisuanzx.BigData_8_CreateFlink -->
