<?xml version="1.0" encoding="UTF-8"?>
<!-- Generated by org.testng.reporters.JUnitReportReporter -->
<testsuite skipped="0" hostname="LAPTOP-82AC51UL" name="stuaction.calcenter.calCenter_kshbc" tests="1" failures="0" timestamp="11 二月 2022 01:31:26 GMT" time="86.925" errors="0">
  <testcase name="kshbc" time="86.925" classname="stuaction.calcenter.calCenter_kshbc"/>
</testsuite> <!-- stuaction.calcenter.calCenter_kshbc -->
