<?xml version="1.0" encoding="UTF-8"?>
<!-- Generated by org.testng.reporters.JUnitReportReporter -->
<testsuite skipped="0" hostname="LAPTOP-82AC51UL" name="hexinceshi.jisuanzx.BigData_1_Createjq" tests="1" failures="0" timestamp="10 三月 2022 07:28:18 GMT" time="36.052" errors="0">
  <testcase name="createBigDataJq" time="36.052" classname="hexinceshi.jisuanzx.BigData_1_Createjq"/>
</testsuite> <!-- hexinceshi.jisuanzx.BigData_1_Createjq -->
